{"body":{},"ip":"::1","level":"info","message":"Incoming request","method":"GET","query":{},"timestamp":"2025-05-11T16:44:38.581Z","url":"/api/users"}
{"level":"info","message":"Response sent","method":"GET","responseTime":"5ms","statusCode":200,"timestamp":"2025-05-11T16:44:38.586Z","url":"/"}
{"body":{},"ip":"::1","level":"info","message":"Incoming request","method":"GET","query":{},"timestamp":"2025-05-11T16:47:50.634Z","url":"/api/users"}
{"level":"info","message":"Response sent","method":"GET","responseTime":"5ms","statusCode":200,"timestamp":"2025-05-11T16:47:50.640Z","url":"/"}
{"body":{"login":"ivan","name":"Ivan","password":"pass"},"ip":"::1","level":"info","message":"Incoming request","method":"POST","query":{},"timestamp":"2025-05-11T16:47:57.741Z","url":"/api/users"}
{"level":"info","message":"Response sent","method":"POST","responseTime":"2ms","statusCode":201,"timestamp":"2025-05-11T16:47:57.743Z","url":"/"}
{"body":{},"ip":"::1","level":"info","message":"Incoming request","method":"GET","query":{},"timestamp":"2025-05-11T16:48:49.402Z","url":"/api/users/%D0%B7%D0%B0%D0%BB%D1%83%D0%BF%D0%B0"}
{"level":"info","message":"Response sent","method":"GET","responseTime":"2ms","statusCode":400,"timestamp":"2025-05-11T16:48:49.404Z","url":"/%D0%B7%D0%B0%D0%BB%D1%83%D0%BF%D0%B0"}
{"body":{"name":"Ivan Petrov"},"ip":"::1","level":"info","message":"Incoming request","method":"PUT","query":{},"timestamp":"2025-05-11T16:48:57.601Z","url":"/api/users/4805cd0d-6cdb-4a86-bb24-92dc97cda43f"}
{"level":"info","message":"Response sent","method":"PUT","responseTime":"1ms","statusCode":400,"timestamp":"2025-05-11T16:48:57.602Z","url":"/4805cd0d-6cdb-4a86-bb24-92dc97cda43f"}
{"body":{"amount":150,"currency":"USD","scheduleId":"b8e9e33d-ecda-4ad0-ab02-003fbf45f015"},"ip":"::1","level":"info","message":"Incoming request","method":"POST","query":{},"timestamp":"2025-05-11T16:49:05.959Z","url":"/api/prices/"}
{"level":"info","message":"Response sent","method":"POST","responseTime":"1ms","statusCode":400,"timestamp":"2025-05-11T16:49:05.960Z","url":"/"}
{"body":{"amount":150,"currency":"USD","scheduleId":"b8e9e33d-ecda-4ad0-ab02-003fbf45f015"},"ip":"::1","level":"info","message":"Incoming request","method":"POST","query":{},"timestamp":"2025-05-11T16:49:07.540Z","url":"/api/prices/"}
{"level":"info","message":"Response sent","method":"POST","responseTime":"1ms","statusCode":400,"timestamp":"2025-05-11T16:49:07.540Z","url":"/"}
{"body":{"amount":200},"ip":"::1","level":"info","message":"Incoming request","method":"PUT","query":{},"timestamp":"2025-05-11T16:49:18.018Z","url":"/api/prices/:id"}
{"level":"info","message":"Response sent","method":"PUT","responseTime":"1ms","statusCode":400,"timestamp":"2025-05-11T16:49:18.018Z","url":"/"}
{"body":{},"ip":"::1","level":"info","message":"Incoming request","method":"GET","query":{},"timestamp":"2025-05-11T23:14:02.279Z","url":"/api/users"}
{"level":"info","message":"Response sent","method":"GET","responseTime":"3ms","statusCode":200,"timestamp":"2025-05-11T23:14:02.282Z","url":"/"}
{"body":{},"ip":"::1","level":"info","message":"Incoming request","method":"GET","query":{},"timestamp":"2025-05-11T23:14:33.413Z","url":"/api/users"}
{"level":"info","message":"Response sent","method":"GET","responseTime":"6ms","statusCode":200,"timestamp":"2025-05-11T23:14:33.419Z","url":"/"}
{"body":{},"ip":"::1","level":"info","message":"Incoming request","method":"POST","query":{},"timestamp":"2025-05-11T23:14:35.867Z","url":"/api/users"}
{"level":"info","message":"Response sent","method":"POST","responseTime":"1ms","statusCode":400,"timestamp":"2025-05-11T23:14:35.868Z","url":"/"}
{"body":{"login":"johndoe","name":"John Doe","password":"password123"},"ip":"::1","level":"info","message":"Incoming request","method":"POST","query":{},"timestamp":"2025-05-11T23:16:34.100Z","url":"/api/users"}
{"level":"info","message":"Response sent","method":"POST","responseTime":"3ms","statusCode":201,"timestamp":"2025-05-11T23:16:34.103Z","url":"/"}
{"body":{},"ip":"::1","level":"info","message":"Incoming request","method":"GET","query":{},"timestamp":"2025-05-11T23:16:39.766Z","url":"/api/users"}
{"level":"info","message":"Response sent","method":"GET","responseTime":"1ms","statusCode":200,"timestamp":"2025-05-11T23:16:39.767Z","url":"/"}
{"body":{},"ip":"::1","level":"info","message":"Incoming request","method":"GET","query":{},"timestamp":"2025-05-11T23:16:45.808Z","url":"/api/users"}
{"level":"info","message":"Response sent","method":"GET","responseTime":"6ms","statusCode":200,"timestamp":"2025-05-11T23:16:45.813Z","url":"/"}
{"body":{},"ip":"::1","level":"info","message":"Incoming request","method":"GET","query":{},"timestamp":"2025-05-11T23:16:46.576Z","url":"/api/users"}
{"level":"info","message":"Response sent","method":"GET","responseTime":"2ms","statusCode":200,"timestamp":"2025-05-11T23:16:46.578Z","url":"/"}
{"body":{},"ip":"::1","level":"info","message":"Incoming request","method":"GET","query":{},"timestamp":"2025-05-11T23:16:47.124Z","url":"/api/users"}
{"level":"info","message":"Response sent","method":"GET","responseTime":"1ms","statusCode":200,"timestamp":"2025-05-11T23:16:47.125Z","url":"/"}
{"body":{},"ip":"::1","level":"info","message":"Incoming request","method":"GET","query":{},"timestamp":"2025-05-11T23:19:08.616Z","url":"/api/users"}
{"level":"info","message":"Response sent","method":"GET","responseTime":"43ms","statusCode":200,"timestamp":"2025-05-11T23:19:08.658Z","url":"/"}
{"body":{"login":"johndoe","name":"John Doe","password":"password123"},"ip":"::1","level":"info","message":"Incoming request","method":"POST","query":{},"timestamp":"2025-05-11T23:19:11.490Z","url":"/api/users"}
{"level":"info","message":"Response sent","method":"POST","responseTime":"4ms","statusCode":201,"timestamp":"2025-05-11T23:19:11.494Z","url":"/"}
{"body":{},"ip":"::1","level":"info","message":"Incoming request","method":"GET","query":{},"timestamp":"2025-05-11T23:19:13.831Z","url":"/api/users"}
{"level":"info","message":"Response sent","method":"GET","responseTime":"3ms","statusCode":200,"timestamp":"2025-05-11T23:19:13.834Z","url":"/"}
{"body":{},"ip":"::1","level":"info","message":"Incoming request","method":"GET","query":{},"timestamp":"2025-05-11T23:19:21.712Z","url":"/api/users"}
{"level":"info","message":"Response sent","method":"GET","responseTime":"41ms","statusCode":200,"timestamp":"2025-05-11T23:19:21.752Z","url":"/"}
{"body":{},"ip":"::1","level":"info","message":"Incoming request","method":"GET","query":{},"timestamp":"2025-05-11T23:19:22.365Z","url":"/api/users"}
{"level":"info","message":"Response sent","method":"GET","responseTime":"3ms","statusCode":200,"timestamp":"2025-05-11T23:19:22.367Z","url":"/"}
{"body":{"description":"Amazing tour of Paris","name":"Paris Tour"},"ip":"::1","level":"info","message":"Incoming request","method":"POST","query":{},"timestamp":"2025-05-11T23:19:28.930Z","url":"/api/tours"}
{"level":"info","message":"Response sent","method":"POST","responseTime":"34ms","statusCode":201,"timestamp":"2025-05-11T23:19:28.964Z","url":"/"}
{"body":{},"ip":"::1","level":"info","message":"Incoming request","method":"GET","query":{},"timestamp":"2025-05-11T23:19:32.046Z","url":"/api/tours"}
{"level":"info","message":"Response sent","method":"GET","responseTime":"4ms","statusCode":200,"timestamp":"2025-05-11T23:19:32.050Z","url":"/"}
{"body":{},"ip":"::1","level":"info","message":"Incoming request","method":"GET","query":{},"timestamp":"2025-05-11T23:19:37.907Z","url":"/api/tours"}
{"level":"info","message":"Response sent","method":"GET","responseTime":"36ms","statusCode":200,"timestamp":"2025-05-11T23:19:37.942Z","url":"/"}
{"body":{},"ip":"::1","level":"info","message":"Incoming request","method":"GET","query":{},"timestamp":"2025-05-11T23:19:38.487Z","url":"/api/tours"}
{"level":"info","message":"Response sent","method":"GET","responseTime":"4ms","statusCode":200,"timestamp":"2025-05-11T23:19:38.491Z","url":"/"}
{"body":{},"ip":"::1","level":"info","message":"Incoming request","method":"GET","query":{},"timestamp":"2025-05-11T23:19:41.545Z","url":"/api/schedules"}
{"level":"info","message":"Response sent","method":"GET","responseTime":"37ms","statusCode":200,"timestamp":"2025-05-11T23:19:41.582Z","url":"/"}
{"body":{},"ip":"::1","level":"info","message":"Incoming request","method":"GET","query":{},"timestamp":"2025-05-11T23:26:37.413Z","url":"/api/schedules"}
{"level":"info","message":"Response sent","method":"GET","responseTime":"54ms","statusCode":200,"timestamp":"2025-05-11T23:26:37.466Z","url":"/"}
{"body":{},"ip":"::1","level":"info","message":"Incoming request","method":"GET","query":{},"timestamp":"2025-05-11T23:26:42.026Z","url":"/api/tours"}
{"level":"info","message":"Response sent","method":"GET","responseTime":"35ms","statusCode":200,"timestamp":"2025-05-11T23:26:42.061Z","url":"/"}
{"body":{},"ip":"::1","level":"info","message":"Incoming request","method":"GET","query":{},"timestamp":"2025-05-11T23:26:44.753Z","url":"/api/users"}
{"level":"info","message":"Response sent","method":"GET","responseTime":"33ms","statusCode":200,"timestamp":"2025-05-11T23:26:44.786Z","url":"/"}
